<?xml version="1.0" encoding="UTF-8"?>
<testsuite xmlns:xsi="http://www.w3.org/2001/XMLSchema-instance" xsi:noNamespaceSchemaLocation="https://maven.apache.org/surefire/maven-surefire-plugin/xsd/surefire-test-report.xsd" name="com.pds.smartUs.BackEnd.appback.services.habitation.ProductionServiceTest" time="2.51" tests="4" errors="0" skipped="3" failures="1">
  <properties>
    <property name="java.specification.version" value="16"/>
    <property name="sun.jnu.encoding" value="UTF-8"/>
    <property name="java.class.path" value="/home/episen/Helmi/Projet_PDS2/app-back/target/test-classes:/home/episen/Helmi/Projet_PDS2/app-back/target/classes:/home/episen/.m2/repository/org/springframework/boot/spring-boot-starter-data-jpa/2.5.4/spring-boot-starter-data-jpa-2.5.4.jar:/home/episen/.m2/repository/org/springframework/boot/spring-boot-starter-aop/2.5.4/spring-boot-starter-aop-2.5.4.jar:/home/episen/.m2/repository/org/aspectj/aspectjweaver/1.9.7/aspectjweaver-1.9.7.jar:/home/episen/.m2/repository/org/springframework/boot/spring-boot-starter-jdbc/2.5.4/spring-boot-starter-jdbc-2.5.4.jar:/home/episen/.m2/repository/com/zaxxer/HikariCP/4.0.3/HikariCP-4.0.3.jar:/home/episen/.m2/repository/org/springframework/spring-jdbc/5.3.9/spring-jdbc-5.3.9.jar:/home/episen/.m2/repository/jakarta/transaction/jakarta.transaction-api/1.3.3/jakarta.transaction-api-1.3.3.jar:/home/episen/.m2/repository/jakarta/persistence/jakarta.persistence-api/2.2.3/jakarta.persistence-api-2.2.3.jar:/home/episen/.m2/repository/org/hibernate/hibernate-core/5.4.32.Final/hibernate-core-5.4.32.Final.jar:/home/episen/.m2/repository/org/jboss/logging/jboss-logging/3.4.2.Final/jboss-logging-3.4.2.Final.jar:/home/episen/.m2/repository/org/javassist/javassist/3.27.0-GA/javassist-3.27.0-GA.jar:/home/episen/.m2/repository/net/bytebuddy/byte-buddy/1.10.22/byte-buddy-1.10.22.jar:/home/episen/.m2/repository/antlr/antlr/2.7.7/antlr-2.7.7.jar:/home/episen/.m2/repository/org/jboss/jandex/2.2.3.Final/jandex-2.2.3.Final.jar:/home/episen/.m2/repository/com/fasterxml/classmate/1.5.1/classmate-1.5.1.jar:/home/episen/.m2/repository/org/dom4j/dom4j/2.1.3/dom4j-2.1.3.jar:/home/episen/.m2/repository/org/hibernate/common/hibernate-commons-annotations/5.1.2.Final/hibernate-commons-annotations-5.1.2.Final.jar:/home/episen/.m2/repository/org/glassfish/jaxb/jaxb-runtime/2.3.5/jaxb-runtime-2.3.5.jar:/home/episen/.m2/repository/org/glassfish/jaxb/txw2/2.3.5/txw2-2.3.5.jar:/home/episen/.m2/repository/com/sun/istack/istack-commons-runtime/3.0.12/istack-commons-runtime-3.0.12.jar:/home/episen/.m2/repository/com/sun/activation/jakarta.activation/1.2.2/jakarta.activation-1.2.2.jar:/home/episen/.m2/repository/org/springframework/data/spring-data-jpa/2.5.4/spring-data-jpa-2.5.4.jar:/home/episen/.m2/repository/org/springframework/data/spring-data-commons/2.5.4/spring-data-commons-2.5.4.jar:/home/episen/.m2/repository/org/springframework/spring-orm/5.3.9/spring-orm-5.3.9.jar:/home/episen/.m2/repository/org/springframework/spring-context/5.3.9/spring-context-5.3.9.jar:/home/episen/.m2/repository/org/springframework/spring-tx/5.3.9/spring-tx-5.3.9.jar:/home/episen/.m2/repository/org/springframework/spring-beans/5.3.9/spring-beans-5.3.9.jar:/home/episen/.m2/repository/org/slf4j/slf4j-api/1.7.32/slf4j-api-1.7.32.jar:/home/episen/.m2/repository/org/springframework/spring-aspects/5.3.9/spring-aspects-5.3.9.jar:/home/episen/.m2/repository/org/springframework/boot/spring-boot-starter-web/2.5.4/spring-boot-starter-web-2.5.4.jar:/home/episen/.m2/repository/org/springframework/boot/spring-boot-starter/2.5.4/spring-boot-starter-2.5.4.jar:/home/episen/.m2/repository/org/springframework/boot/spring-boot/2.5.4/spring-boot-2.5.4.jar:/home/episen/.m2/repository/org/springframework/boot/spring-boot-autoconfigure/2.5.4/spring-boot-autoconfigure-2.5.4.jar:/home/episen/.m2/repository/org/springframework/boot/spring-boot-starter-logging/2.5.4/spring-boot-starter-logging-2.5.4.jar:/home/episen/.m2/repository/ch/qos/logback/logback-classic/1.2.5/logback-classic-1.2.5.jar:/home/episen/.m2/repository/ch/qos/logback/logback-core/1.2.5/logback-core-1.2.5.jar:/home/episen/.m2/repository/org/apache/logging/log4j/log4j-to-slf4j/2.14.1/log4j-to-slf4j-2.14.1.jar:/home/episen/.m2/repository/org/apache/logging/log4j/log4j-api/2.14.1/log4j-api-2.14.1.jar:/home/episen/.m2/repository/org/slf4j/jul-to-slf4j/1.7.32/jul-to-slf4j-1.7.32.jar:/home/episen/.m2/repository/org/yaml/snakeyaml/1.28/snakeyaml-1.28.jar:/home/episen/.m2/repository/org/springframework/boot/spring-boot-starter-json/2.5.4/spring-boot-starter-json-2.5.4.jar:/home/episen/.m2/repository/com/fasterxml/jackson/core/jackson-databind/2.12.4/jackson-databind-2.12.4.jar:/home/episen/.m2/repository/com/fasterxml/jackson/core/jackson-annotations/2.12.4/jackson-annotations-2.12.4.jar:/home/episen/.m2/repository/com/fasterxml/jackson/core/jackson-core/2.12.4/jackson-core-2.12.4.jar:/home/episen/.m2/repository/com/fasterxml/jackson/datatype/jackson-datatype-jdk8/2.12.4/jackson-datatype-jdk8-2.12.4.jar:/home/episen/.m2/repository/com/fasterxml/jackson/datatype/jackson-datatype-jsr310/2.12.4/jackson-datatype-jsr310-2.12.4.jar:/home/episen/.m2/repository/com/fasterxml/jackson/module/jackson-module-parameter-names/2.12.4/jackson-module-parameter-names-2.12.4.jar:/home/episen/.m2/repository/org/springframework/spring-web/5.3.9/spring-web-5.3.9.jar:/home/episen/.m2/repository/org/springframework/spring-webmvc/5.3.9/spring-webmvc-5.3.9.jar:/home/episen/.m2/repository/org/springframework/spring-expression/5.3.9/spring-expression-5.3.9.jar:/home/episen/.m2/repository/org/springframework/boot/spring-boot-starter-security/2.5.4/spring-boot-starter-security-2.5.4.jar:/home/episen/.m2/repository/org/springframework/spring-aop/5.3.9/spring-aop-5.3.9.jar:/home/episen/.m2/repository/org/springframework/security/spring-security-config/5.5.2/spring-security-config-5.5.2.jar:/home/episen/.m2/repository/org/springframework/security/spring-security-web/5.5.2/spring-security-web-5.5.2.jar:/home/episen/.m2/repository/org/postgresql/postgresql/42.2.23/postgresql-42.2.23.jar:/home/episen/.m2/repository/org/checkerframework/checker-qual/3.5.0/checker-qual-3.5.0.jar:/home/episen/.m2/repository/org/springframework/boot/spring-boot-starter-tomcat/2.5.4/spring-boot-starter-tomcat-2.5.4.jar:/home/episen/.m2/repository/jakarta/annotation/jakarta.annotation-api/1.3.5/jakarta.annotation-api-1.3.5.jar:/home/episen/.m2/repository/org/apache/tomcat/embed/tomcat-embed-core/9.0.52/tomcat-embed-core-9.0.52.jar:/home/episen/.m2/repository/org/apache/tomcat/embed/tomcat-embed-el/9.0.52/tomcat-embed-el-9.0.52.jar:/home/episen/.m2/repository/org/apache/tomcat/embed/tomcat-embed-websocket/9.0.52/tomcat-embed-websocket-9.0.52.jar:/home/episen/.m2/repository/org/springframework/security/spring-security-test/5.5.2/spring-security-test-5.5.2.jar:/home/episen/.m2/repository/org/springframework/security/spring-security-core/5.5.2/spring-security-core-5.5.2.jar:/home/episen/.m2/repository/org/springframework/security/spring-security-crypto/5.5.2/spring-security-crypto-5.5.2.jar:/home/episen/.m2/repository/org/springframework/spring-core/5.3.9/spring-core-5.3.9.jar:/home/episen/.m2/repository/org/springframework/spring-jcl/5.3.9/spring-jcl-5.3.9.jar:/home/episen/.m2/repository/org/springframework/spring-test/5.3.9/spring-test-5.3.9.jar:/home/episen/.m2/repository/org/springframework/boot/spring-boot-starter-test/2.5.4/spring-boot-starter-test-2.5.4.jar:/home/episen/.m2/repository/org/springframework/boot/spring-boot-test/2.5.4/spring-boot-test-2.5.4.jar:/home/episen/.m2/repository/org/springframework/boot/spring-boot-test-autoconfigure/2.5.4/spring-boot-test-autoconfigure-2.5.4.jar:/home/episen/.m2/repository/com/jayway/jsonpath/json-path/2.5.0/json-path-2.5.0.jar:/home/episen/.m2/repository/net/minidev/json-smart/2.4.7/json-smart-2.4.7.jar:/home/episen/.m2/repository/net/minidev/accessors-smart/2.4.7/accessors-smart-2.4.7.jar:/home/episen/.m2/repository/org/ow2/asm/asm/9.1/asm-9.1.jar:/home/episen/.m2/repository/jakarta/xml/bind/jakarta.xml.bind-api/2.3.3/jakarta.xml.bind-api-2.3.3.jar:/home/episen/.m2/repository/jakarta/activation/jakarta.activation-api/1.2.2/jakarta.activation-api-1.2.2.jar:/home/episen/.m2/repository/org/assertj/assertj-core/3.19.0/assertj-core-3.19.0.jar:/home/episen/.m2/repository/org/hamcrest/hamcrest/2.2/hamcrest-2.2.jar:/home/episen/.m2/repository/org/junit/jupiter/junit-jupiter/5.7.2/junit-jupiter-5.7.2.jar:/home/episen/.m2/repository/org/junit/jupiter/junit-jupiter-api/5.7.2/junit-jupiter-api-5.7.2.jar:/home/episen/.m2/repository/org/apiguardian/apiguardian-api/1.1.0/apiguardian-api-1.1.0.jar:/home/episen/.m2/repository/org/opentest4j/opentest4j/1.2.0/opentest4j-1.2.0.jar:/home/episen/.m2/repository/org/junit/platform/junit-platform-commons/1.7.2/junit-platform-commons-1.7.2.jar:/home/episen/.m2/repository/org/junit/jupiter/junit-jupiter-params/5.7.2/junit-jupiter-params-5.7.2.jar:/home/episen/.m2/repository/org/junit/jupiter/junit-jupiter-engine/5.7.2/junit-jupiter-engine-5.7.2.jar:/home/episen/.m2/repository/org/junit/platform/junit-platform-engine/1.7.2/junit-platform-engine-1.7.2.jar:/home/episen/.m2/repository/org/mockito/mockito-core/3.9.0/mockito-core-3.9.0.jar:/home/episen/.m2/repository/net/bytebuddy/byte-buddy-agent/1.10.22/byte-buddy-agent-1.10.22.jar:/home/episen/.m2/repository/org/objenesis/objenesis/3.2/objenesis-3.2.jar:/home/episen/.m2/repository/org/mockito/mockito-junit-jupiter/3.9.0/mockito-junit-jupiter-3.9.0.jar:/home/episen/.m2/repository/org/skyscreamer/jsonassert/1.5.0/jsonassert-1.5.0.jar:/home/episen/.m2/repository/com/vaadin/external/google/android-json/0.0.20131108.vaadin1/android-json-0.0.20131108.vaadin1.jar:/home/episen/.m2/repository/org/xmlunit/xmlunit-core/2.8.2/xmlunit-core-2.8.2.jar:/home/episen/.m2/repository/org/projectlombok/lombok/1.18.20/lombok-1.18.20.jar:/home/episen/.m2/repository/com/h2database/h2/2.0.204/h2-2.0.204.jar:"/>
    <property name="java.vm.vendor" value="Oracle Corporation"/>
    <property name="sun.arch.data.model" value="64"/>
    <property name="java.vendor.url" value="https://java.oracle.com/"/>
    <property name="os.name" value="Linux"/>
    <property name="java.vm.specification.version" value="16"/>
    <property name="sun.java.launcher" value="SUN_STANDARD"/>
    <property name="user.country" value="FR"/>
    <property name="sun.boot.library.path" value="/usr/lib/jvm/jdk-16.0.2/lib"/>
    <property name="sun.java.command" value="/home/episen/Helmi/Projet_PDS2/app-back/target/surefire/surefirebooter14136376740417009965.jar /home/episen/Helmi/Projet_PDS2/app-back/target/surefire 2022-05-09T23-19-32_274-jvmRun1 surefire9957335413176965082tmp surefire_017804081715892029243tmp"/>
    <property name="jdk.debug" value="release"/>
    <property name="surefire.test.class.path" value="/home/episen/Helmi/Projet_PDS2/app-back/target/test-classes:/home/episen/Helmi/Projet_PDS2/app-back/target/classes:/home/episen/.m2/repository/org/springframework/boot/spring-boot-starter-data-jpa/2.5.4/spring-boot-starter-data-jpa-2.5.4.jar:/home/episen/.m2/repository/org/springframework/boot/spring-boot-starter-aop/2.5.4/spring-boot-starter-aop-2.5.4.jar:/home/episen/.m2/repository/org/aspectj/aspectjweaver/1.9.7/aspectjweaver-1.9.7.jar:/home/episen/.m2/repository/org/springframework/boot/spring-boot-starter-jdbc/2.5.4/spring-boot-starter-jdbc-2.5.4.jar:/home/episen/.m2/repository/com/zaxxer/HikariCP/4.0.3/HikariCP-4.0.3.jar:/home/episen/.m2/repository/org/springframework/spring-jdbc/5.3.9/spring-jdbc-5.3.9.jar:/home/episen/.m2/repository/jakarta/transaction/jakarta.transaction-api/1.3.3/jakarta.transaction-api-1.3.3.jar:/home/episen/.m2/repository/jakarta/persistence/jakarta.persistence-api/2.2.3/jakarta.persistence-api-2.2.3.jar:/home/episen/.m2/repository/org/hibernate/hibernate-core/5.4.32.Final/hibernate-core-5.4.32.Final.jar:/home/episen/.m2/repository/org/jboss/logging/jboss-logging/3.4.2.Final/jboss-logging-3.4.2.Final.jar:/home/episen/.m2/repository/org/javassist/javassist/3.27.0-GA/javassist-3.27.0-GA.jar:/home/episen/.m2/repository/net/bytebuddy/byte-buddy/1.10.22/byte-buddy-1.10.22.jar:/home/episen/.m2/repository/antlr/antlr/2.7.7/antlr-2.7.7.jar:/home/episen/.m2/repository/org/jboss/jandex/2.2.3.Final/jandex-2.2.3.Final.jar:/home/episen/.m2/repository/com/fasterxml/classmate/1.5.1/classmate-1.5.1.jar:/home/episen/.m2/repository/org/dom4j/dom4j/2.1.3/dom4j-2.1.3.jar:/home/episen/.m2/repository/org/hibernate/common/hibernate-commons-annotations/5.1.2.Final/hibernate-commons-annotations-5.1.2.Final.jar:/home/episen/.m2/repository/org/glassfish/jaxb/jaxb-runtime/2.3.5/jaxb-runtime-2.3.5.jar:/home/episen/.m2/repository/org/glassfish/jaxb/txw2/2.3.5/txw2-2.3.5.jar:/home/episen/.m2/repository/com/sun/istack/istack-commons-runtime/3.0.12/istack-commons-runtime-3.0.12.jar:/home/episen/.m2/repository/com/sun/activation/jakarta.activation/1.2.2/jakarta.activation-1.2.2.jar:/home/episen/.m2/repository/org/springframework/data/spring-data-jpa/2.5.4/spring-data-jpa-2.5.4.jar:/home/episen/.m2/repository/org/springframework/data/spring-data-commons/2.5.4/spring-data-commons-2.5.4.jar:/home/episen/.m2/repository/org/springframework/spring-orm/5.3.9/spring-orm-5.3.9.jar:/home/episen/.m2/repository/org/springframework/spring-context/5.3.9/spring-context-5.3.9.jar:/home/episen/.m2/repository/org/springframework/spring-tx/5.3.9/spring-tx-5.3.9.jar:/home/episen/.m2/repository/org/springframework/spring-beans/5.3.9/spring-beans-5.3.9.jar:/home/episen/.m2/repository/org/slf4j/slf4j-api/1.7.32/slf4j-api-1.7.32.jar:/home/episen/.m2/repository/org/springframework/spring-aspects/5.3.9/spring-aspects-5.3.9.jar:/home/episen/.m2/repository/org/springframework/boot/spring-boot-starter-web/2.5.4/spring-boot-starter-web-2.5.4.jar:/home/episen/.m2/repository/org/springframework/boot/spring-boot-starter/2.5.4/spring-boot-starter-2.5.4.jar:/home/episen/.m2/repository/org/springframework/boot/spring-boot/2.5.4/spring-boot-2.5.4.jar:/home/episen/.m2/repository/org/springframework/boot/spring-boot-autoconfigure/2.5.4/spring-boot-autoconfigure-2.5.4.jar:/home/episen/.m2/repository/org/springframework/boot/spring-boot-starter-logging/2.5.4/spring-boot-starter-logging-2.5.4.jar:/home/episen/.m2/repository/ch/qos/logback/logback-classic/1.2.5/logback-classic-1.2.5.jar:/home/episen/.m2/repository/ch/qos/logback/logback-core/1.2.5/logback-core-1.2.5.jar:/home/episen/.m2/repository/org/apache/logging/log4j/log4j-to-slf4j/2.14.1/log4j-to-slf4j-2.14.1.jar:/home/episen/.m2/repository/org/apache/logging/log4j/log4j-api/2.14.1/log4j-api-2.14.1.jar:/home/episen/.m2/repository/org/slf4j/jul-to-slf4j/1.7.32/jul-to-slf4j-1.7.32.jar:/home/episen/.m2/repository/org/yaml/snakeyaml/1.28/snakeyaml-1.28.jar:/home/episen/.m2/repository/org/springframework/boot/spring-boot-starter-json/2.5.4/spring-boot-starter-json-2.5.4.jar:/home/episen/.m2/repository/com/fasterxml/jackson/core/jackson-databind/2.12.4/jackson-databind-2.12.4.jar:/home/episen/.m2/repository/com/fasterxml/jackson/core/jackson-annotations/2.12.4/jackson-annotations-2.12.4.jar:/home/episen/.m2/repository/com/fasterxml/jackson/core/jackson-core/2.12.4/jackson-core-2.12.4.jar:/home/episen/.m2/repository/com/fasterxml/jackson/datatype/jackson-datatype-jdk8/2.12.4/jackson-datatype-jdk8-2.12.4.jar:/home/episen/.m2/repository/com/fasterxml/jackson/datatype/jackson-datatype-jsr310/2.12.4/jackson-datatype-jsr310-2.12.4.jar:/home/episen/.m2/repository/com/fasterxml/jackson/module/jackson-module-parameter-names/2.12.4/jackson-module-parameter-names-2.12.4.jar:/home/episen/.m2/repository/org/springframework/spring-web/5.3.9/spring-web-5.3.9.jar:/home/episen/.m2/repository/org/springframework/spring-webmvc/5.3.9/spring-webmvc-5.3.9.jar:/home/episen/.m2/repository/org/springframework/spring-expression/5.3.9/spring-expression-5.3.9.jar:/home/episen/.m2/repository/org/springframework/boot/spring-boot-starter-security/2.5.4/spring-boot-starter-security-2.5.4.jar:/home/episen/.m2/repository/org/springframework/spring-aop/5.3.9/spring-aop-5.3.9.jar:/home/episen/.m2/repository/org/springframework/security/spring-security-config/5.5.2/spring-security-config-5.5.2.jar:/home/episen/.m2/repository/org/springframework/security/spring-security-web/5.5.2/spring-security-web-5.5.2.jar:/home/episen/.m2/repository/org/postgresql/postgresql/42.2.23/postgresql-42.2.23.jar:/home/episen/.m2/repository/org/checkerframework/checker-qual/3.5.0/checker-qual-3.5.0.jar:/home/episen/.m2/repository/org/springframework/boot/spring-boot-starter-tomcat/2.5.4/spring-boot-starter-tomcat-2.5.4.jar:/home/episen/.m2/repository/jakarta/annotation/jakarta.annotation-api/1.3.5/jakarta.annotation-api-1.3.5.jar:/home/episen/.m2/repository/org/apache/tomcat/embed/tomcat-embed-core/9.0.52/tomcat-embed-core-9.0.52.jar:/home/episen/.m2/repository/org/apache/tomcat/embed/tomcat-embed-el/9.0.52/tomcat-embed-el-9.0.52.jar:/home/episen/.m2/repository/org/apache/tomcat/embed/tomcat-embed-websocket/9.0.52/tomcat-embed-websocket-9.0.52.jar:/home/episen/.m2/repository/org/springframework/security/spring-security-test/5.5.2/spring-security-test-5.5.2.jar:/home/episen/.m2/repository/org/springframework/security/spring-security-core/5.5.2/spring-security-core-5.5.2.jar:/home/episen/.m2/repository/org/springframework/security/spring-security-crypto/5.5.2/spring-security-crypto-5.5.2.jar:/home/episen/.m2/repository/org/springframework/spring-core/5.3.9/spring-core-5.3.9.jar:/home/episen/.m2/repository/org/springframework/spring-jcl/5.3.9/spring-jcl-5.3.9.jar:/home/episen/.m2/repository/org/springframework/spring-test/5.3.9/spring-test-5.3.9.jar:/home/episen/.m2/repository/org/springframework/boot/spring-boot-starter-test/2.5.4/spring-boot-starter-test-2.5.4.jar:/home/episen/.m2/repository/org/springframework/boot/spring-boot-test/2.5.4/spring-boot-test-2.5.4.jar:/home/episen/.m2/repository/org/springframework/boot/spring-boot-test-autoconfigure/2.5.4/spring-boot-test-autoconfigure-2.5.4.jar:/home/episen/.m2/repository/com/jayway/jsonpath/json-path/2.5.0/json-path-2.5.0.jar:/home/episen/.m2/repository/net/minidev/json-smart/2.4.7/json-smart-2.4.7.jar:/home/episen/.m2/repository/net/minidev/accessors-smart/2.4.7/accessors-smart-2.4.7.jar:/home/episen/.m2/repository/org/ow2/asm/asm/9.1/asm-9.1.jar:/home/episen/.m2/repository/jakarta/xml/bind/jakarta.xml.bind-api/2.3.3/jakarta.xml.bind-api-2.3.3.jar:/home/episen/.m2/repository/jakarta/activation/jakarta.activation-api/1.2.2/jakarta.activation-api-1.2.2.jar:/home/episen/.m2/repository/org/assertj/assertj-core/3.19.0/assertj-core-3.19.0.jar:/home/episen/.m2/repository/org/hamcrest/hamcrest/2.2/hamcrest-2.2.jar:/home/episen/.m2/repository/org/junit/jupiter/junit-jupiter/5.7.2/junit-jupiter-5.7.2.jar:/home/episen/.m2/repository/org/junit/jupiter/junit-jupiter-api/5.7.2/junit-jupiter-api-5.7.2.jar:/home/episen/.m2/repository/org/apiguardian/apiguardian-api/1.1.0/apiguardian-api-1.1.0.jar:/home/episen/.m2/repository/org/opentest4j/opentest4j/1.2.0/opentest4j-1.2.0.jar:/home/episen/.m2/repository/org/junit/platform/junit-platform-commons/1.7.2/junit-platform-commons-1.7.2.jar:/home/episen/.m2/repository/org/junit/jupiter/junit-jupiter-params/5.7.2/junit-jupiter-params-5.7.2.jar:/home/episen/.m2/repository/org/junit/jupiter/junit-jupiter-engine/5.7.2/junit-jupiter-engine-5.7.2.jar:/home/episen/.m2/repository/org/junit/platform/junit-platform-engine/1.7.2/junit-platform-engine-1.7.2.jar:/home/episen/.m2/repository/org/mockito/mockito-core/3.9.0/mockito-core-3.9.0.jar:/home/episen/.m2/repository/net/bytebuddy/byte-buddy-agent/1.10.22/byte-buddy-agent-1.10.22.jar:/home/episen/.m2/repository/org/objenesis/objenesis/3.2/objenesis-3.2.jar:/home/episen/.m2/repository/org/mockito/mockito-junit-jupiter/3.9.0/mockito-junit-jupiter-3.9.0.jar:/home/episen/.m2/repository/org/skyscreamer/jsonassert/1.5.0/jsonassert-1.5.0.jar:/home/episen/.m2/repository/com/vaadin/external/google/android-json/0.0.20131108.vaadin1/android-json-0.0.20131108.vaadin1.jar:/home/episen/.m2/repository/org/xmlunit/xmlunit-core/2.8.2/xmlunit-core-2.8.2.jar:/home/episen/.m2/repository/org/projectlombok/lombok/1.18.20/lombok-1.18.20.jar:/home/episen/.m2/repository/com/h2database/h2/2.0.204/h2-2.0.204.jar:"/>
    <property name="sun.cpu.endian" value="little"/>
    <property name="user.home" value="/home/episen"/>
    <property name="user.language" value="fr"/>
    <property name="java.specification.vendor" value="Oracle Corporation"/>
    <property name="java.version.date" value="2021-07-20"/>
    <property name="java.home" value="/usr/lib/jvm/jdk-16.0.2"/>
    <property name="file.separator" value="/"/>
    <property name="basedir" value="/home/episen/Helmi/Projet_PDS2/app-back"/>
    <property name="java.vm.compressedOopsMode" value="32-bit"/>
    <property name="line.separator" value="&#10;"/>
    <property name="java.vm.specification.vendor" value="Oracle Corporation"/>
    <property name="java.specification.name" value="Java Platform API Specification"/>
    <property name="surefire.real.class.path" value="/home/episen/Helmi/Projet_PDS2/app-back/target/surefire/surefirebooter14136376740417009965.jar"/>
    <property name="sun.management.compiler" value="HotSpot 64-Bit Tiered Compilers"/>
    <property name="java.runtime.version" value="16.0.2+7-67"/>
    <property name="user.name" value="episen"/>
    <property name="path.separator" value=":"/>
    <property name="os.version" value="5.13.0-40-generic"/>
    <property name="java.runtime.name" value="Java(TM) SE Runtime Environment"/>
    <property name="file.encoding" value="UTF-8"/>
    <property name="java.vm.name" value="Java HotSpot(TM) 64-Bit Server VM"/>
    <property name="localRepository" value="/home/episen/.m2/repository"/>
    <property name="java.vendor.url.bug" value="https://bugreport.java.com/bugreport/"/>
    <property name="java.io.tmpdir" value="/tmp"/>
    <property name="idea.version" value="2022.1"/>
    <property name="java.version" value="16.0.2"/>
    <property name="user.dir" value="/home/episen/Helmi/Projet_PDS2/app-back"/>
    <property name="os.arch" value="amd64"/>
    <property name="java.vm.specification.name" value="Java Virtual Machine Specification"/>
    <property name="java.library.path" value="/usr/java/packages/lib:/usr/lib64:/lib64:/lib:/usr/lib"/>
    <property name="java.vm.info" value="mixed mode, sharing"/>
    <property name="java.vendor" value="Oracle Corporation"/>
    <property name="java.vm.version" value="16.0.2+7-67"/>
    <property name="sun.io.unicode.encoding" value="UnicodeLittle"/>
    <property name="java.class.version" value="60.0"/>
  </properties>
  <testcase name="getProductionsOfProducersShouldReturnAllProducteurWithTheirlast10Productions" classname="com.pds.smartUs.BackEnd.appback.services.habitation.ProductionServiceTest" time="0.005">
    <failure message="expected: &lt;true&gt; but was: &lt;false&gt;" type="org.opentest4j.AssertionFailedError"><![CDATA[org.opentest4j.AssertionFailedError: expected: <true> but was: <false>
	at com.pds.smartUs.BackEnd.appback.services.habitation.ProductionServiceTest.getProductionsOfProducersShouldReturnAllProducteurWithTheirlast10Productions(ProductionServiceTest.java:110)
]]></failure>
    <system-out><![CDATA[2022-05-09 23:19:43.701  INFO 59163 --- [           main] .b.t.c.SpringBootTestContextBootstrapper : Neither @ContextConfiguration nor @ContextHierarchy found for test class [com.pds.smartUs.BackEnd.appback.services.habitation.ProductionServiceTest], using SpringBootContextLoader
2022-05-09 23:19:43.702  INFO 59163 --- [           main] o.s.t.c.support.AbstractContextLoader    : Could not detect default resource locations for test class [com.pds.smartUs.BackEnd.appback.services.habitation.ProductionServiceTest]: no resource found for suffixes {-context.xml, Context.groovy}.
2022-05-09 23:19:43.702  INFO 59163 --- [           main] t.c.s.AnnotationConfigContextLoaderUtils : Could not detect default configuration classes for test class [com.pds.smartUs.BackEnd.appback.services.habitation.ProductionServiceTest]: ProductionServiceTest does not declare any static, non-private, non-final, nested classes annotated with @Configuration.
2022-05-09 23:19:43.713  INFO 59163 --- [           main] .b.t.c.SpringBootTestContextBootstrapper : Found @SpringBootConfiguration com.pds.smartUs.BackEnd.appback.AppBackApplication for test class com.pds.smartUs.BackEnd.appback.services.habitation.ProductionServiceTest
2022-05-09 23:19:43.716  INFO 59163 --- [           main] .b.t.c.SpringBootTestContextBootstrapper : Loaded default TestExecutionListener class names from location [META-INF/spring.factories]: [org.springframework.security.test.context.support.WithSecurityContextTestExecutionListener, org.springframework.security.test.context.support.ReactorContextTestExecutionListener, org.springframework.test.context.web.ServletTestExecutionListener, org.springframework.test.context.support.DirtiesContextBeforeModesTestExecutionListener, org.springframework.test.context.event.ApplicationEventsTestExecutionListener, org.springframework.test.context.support.DependencyInjectionTestExecutionListener, org.springframework.test.context.support.DirtiesContextTestExecutionListener, org.springframework.test.context.transaction.TransactionalTestExecutionListener, org.springframework.test.context.jdbc.SqlScriptsTestExecutionListener, org.springframework.test.context.event.EventPublishingTestExecutionListener, org.springframework.boot.test.mock.mockito.MockitoTestExecutionListener, org.springframework.boot.test.mock.mockito.ResetMocksTestExecutionListener, org.springframework.boot.test.autoconfigure.restdocs.RestDocsTestExecutionListener, org.springframework.boot.test.autoconfigure.web.client.MockRestServiceServerResetTestExecutionListener, org.springframework.boot.test.autoconfigure.web.servlet.MockMvcPrintOnlyOnFailureTestExecutionListener, org.springframework.boot.test.autoconfigure.web.servlet.WebDriverTestExecutionListener, org.springframework.boot.test.autoconfigure.webservices.client.MockWebServiceServerTestExecutionListener]
2022-05-09 23:19:43.717  INFO 59163 --- [           main] .b.t.c.SpringBootTestContextBootstrapper : Using TestExecutionListeners: [org.springframework.test.context.web.ServletTestExecutionListener@4e739968, org.springframework.test.context.support.DirtiesContextBeforeModesTestExecutionListener@71d2bc34, org.springframework.test.context.event.ApplicationEventsTestExecutionListener@2e903c69, org.springframework.boot.test.mock.mockito.MockitoTestExecutionListener@1dc37d4f, org.springframework.boot.test.autoconfigure.SpringBootDependencyInjectionTestExecutionListener@4f290f46, org.springframework.test.context.support.DirtiesContextTestExecutionListener@2bfe398b, org.springframework.test.context.transaction.TransactionalTestExecutionListener@4a23be9, org.springframework.test.context.jdbc.SqlScriptsTestExecutionListener@20d1737, org.springframework.security.test.context.support.WithSecurityContextTestExecutionListener@5d96b0f, org.springframework.test.context.event.EventPublishingTestExecutionListener@5f31385e, org.springframework.security.test.context.support.ReactorContextTestExecutionListener@4a592d22, org.springframework.boot.test.mock.mockito.ResetMocksTestExecutionListener@20072ff1, org.springframework.boot.test.autoconfigure.restdocs.RestDocsTestExecutionListener@6e48b9ed, org.springframework.boot.test.autoconfigure.web.client.MockRestServiceServerResetTestExecutionListener@38ed9fb2, org.springframework.boot.test.autoconfigure.web.servlet.MockMvcPrintOnlyOnFailureTestExecutionListener@3bde85b0, org.springframework.boot.test.autoconfigure.web.servlet.WebDriverTestExecutionListener@22bf4d9d, org.springframework.boot.test.autoconfigure.webservices.client.MockWebServiceServerTestExecutionListener@9930ff6]

  .   ____          _            __ _ _
 /\\ / ___'_ __ _ _(_)_ __  __ _ \ \ \ \
( ( )\___ | '_ | '_| | '_ \/ _` | \ \ \ \
 \\/  ___)| |_)| | | | | || (_| |  ) ) ) )
  '  |____| .__|_| |_|_| |_\__, | / / / /
 =========|_|==============|___/=/_/_/_/
 :: Spring Boot ::                (v2.5.4)

2022-05-09 23:19:43.762  INFO 59163 --- [           main] c.p.s.B.a.s.h.ProductionServiceTest      : Starting ProductionServiceTest using Java 16.0.2 on episen-HP-250-G7-Notebook-PC with PID 59163 (started by episen in /home/episen/Helmi/Projet_PDS2/app-back)
2022-05-09 23:19:43.764  INFO 59163 --- [           main] c.p.s.B.a.s.h.ProductionServiceTest      : No active profile set, falling back to default profiles: default
2022-05-09 23:19:44.117  INFO 59163 --- [           main] .s.d.r.c.RepositoryConfigurationDelegate : Bootstrapping Spring Data JPA repositories in DEFAULT mode.
2022-05-09 23:19:44.197  INFO 59163 --- [           main] .s.d.r.c.RepositoryConfigurationDelegate : Finished Spring Data repository scanning in 79 ms. Found 40 JPA repository interfaces.
2022-05-09 23:19:44.480  INFO 59163 --- [           main] com.zaxxer.hikari.HikariDataSource       : HikariPool-2 - Starting...
2022-05-09 23:19:44.482  INFO 59163 --- [           main] com.zaxxer.hikari.HikariDataSource       : HikariPool-2 - Start completed.
2022-05-09 23:19:44.506  INFO 59163 --- [           main] o.hibernate.jpa.internal.util.LogHelper  : HHH000204: Processing PersistenceUnitInfo [name: default]
2022-05-09 23:19:44.510  INFO 59163 --- [           main] org.hibernate.dialect.Dialect            : HHH000400: Using dialect: org.hibernate.dialect.H2Dialect
2022-05-09 23:19:45.007  INFO 59163 --- [           main] o.h.e.t.j.p.i.JtaPlatformInitiator       : HHH000490: Using JtaPlatform implementation: [org.hibernate.engine.transaction.jta.platform.internal.NoJtaPlatform]
2022-05-09 23:19:45.007  INFO 59163 --- [           main] j.LocalContainerEntityManagerFactoryBean : Initialized JPA EntityManagerFactory for persistence unit 'default'
etape 4
2022-05-09 23:19:45.257  INFO 59163 --- [           main] f.a.AutowiredAnnotationBeanPostProcessor : Autowired annotation is not supported on static fields: private static com.pds.smartUs.BackEnd.appback.repositories.habitation.DayParametersRepository com.pds.smartUs.BackEnd.appback.services.habitation.DayParametersService.dayParametersRepository
2022-05-09 23:19:45.762  WARN 59163 --- [           main] c.p.s.B.a.c.smartgrid.SmartGridExecutor  : SmartGrid Executor Startup
2022-05-09 23:19:45.806  WARN 59163 --- [           main] JpaBaseConfiguration$JpaWebConfiguration : spring.jpa.open-in-view is enabled by default. Therefore, database queries may be performed during view rendering. Explicitly configure spring.jpa.open-in-view to disable this warning
2022-05-09 23:19:45.832  INFO 59163 --- [           main] f.a.AutowiredAnnotationBeanPostProcessor : Autowired annotation is not supported on static fields: private static java.lang.String com.pds.smartUs.BackEnd.appback.simulator.config.GlobalVariables.SIMULATOR_HOST
2022-05-09 23:19:45.832  INFO 59163 --- [           main] f.a.AutowiredAnnotationBeanPostProcessor : Autowired annotation is not supported on static fields: private static int com.pds.smartUs.BackEnd.appback.simulator.config.GlobalVariables.SIMULATOR_PORT
2022-05-09 23:19:45.832  INFO 59163 --- [           main] f.a.AutowiredAnnotationBeanPostProcessor : Autowired annotation is not supported on static fields: private static java.lang.String com.pds.smartUs.BackEnd.appback.simulator.config.GlobalVariables.CONDITION_ENDPOINT
2022-05-09 23:19:45.868  INFO 59163 --- [           main] .s.s.UserDetailsServiceAutoConfiguration : 

Using generated security password: 412a0a16-4b27-43c8-ab1f-b6eae9784041

2022-05-09 23:19:45.893  INFO 59163 --- [           main] o.s.s.web.DefaultSecurityFilterChain     : Will secure any request with [org.springframework.security.web.context.request.async.WebAsyncManagerIntegrationFilter@7d9f0cf4, org.springframework.security.web.context.SecurityContextPersistenceFilter@104861ff, org.springframework.security.web.header.HeaderWriterFilter@652a16a8, org.springframework.web.filter.CorsFilter@d0c35a8, org.springframework.security.web.authentication.logout.LogoutFilter@6e3f38c1, org.springframework.security.web.savedrequest.RequestCacheAwareFilter@3564caf8, org.springframework.security.web.servletapi.SecurityContextHolderAwareRequestFilter@ce15aa, org.springframework.security.web.authentication.AnonymousAuthenticationFilter@6fcd767a, org.springframework.security.web.session.SessionManagementFilter@7b78c40d, org.springframework.security.web.access.ExceptionTranslationFilter@470c40be]
2022-05-09 23:19:46.202  INFO 59163 --- [           main] c.p.s.B.a.s.h.ProductionServiceTest      : Started ProductionServiceTest in 2.481 seconds (JVM running for 13.741)
]]></system-out>
    <system-err><![CDATA[Exception in thread "Thread-7" java.lang.NullPointerException: Cannot invoke "com.pds.smartUs.BackEnd.appback.entities.globalconfigs.GlobalParam.getParamValue()" because the return value of "com.pds.smartUs.BackEnd.appback.repositories.globalconfigs.GlobalParamsRepository.getGlobalParamByParamName(String)" is null
	at com.pds.smartUs.BackEnd.appback.services.globalconfigs.GlobalParamsService.getParamValue(GlobalParamsService.java:22)
	at com.pds.smartUs.BackEnd.appback.simulator.workers.SimulatorRequester.makeRequest(SimulatorRequester.java:38)
	at com.pds.smartUs.BackEnd.appback.simulator.workers.SimulatorRequester.run(SimulatorRequester.java:24)
	at java.base/java.lang.Thread.run(Thread.java:831)
Exception in thread "Thread-8" java.lang.NullPointerException: Cannot invoke "com.pds.smartUs.BackEnd.appback.entities.globalconfigs.GlobalParam.getParamValue()" because the return value of "com.pds.smartUs.BackEnd.appback.repositories.globalconfigs.GlobalParamsRepository.getGlobalParamByParamName(String)" is null
	at com.pds.smartUs.BackEnd.appback.services.globalconfigs.GlobalParamsService.getParamValue(GlobalParamsService.java:22)
	at com.pds.smartUs.BackEnd.appback.simulator.workers.SimulatorRequester.makeRequest(SimulatorRequester.java:38)
	at com.pds.smartUs.BackEnd.appback.simulator.workers.SimulatorRequester.getSimulatorResponse(SimulatorRequester.java:32)
	at com.pds.smartUs.BackEnd.appback.simulator.workers.ProdConsGenerator.run(ProdConsGenerator.java:36)
	at java.base/java.lang.Thread.run(Thread.java:831)
Exception in thread "[SmartGrid-Thread] Main Thread" java.lang.NullPointerException: Cannot invoke "com.pds.smartUs.BackEnd.appback.entities.globalconfigs.FeatureFlagEntity.getFlagValue()" because the return value of "com.pds.smartUs.BackEnd.appback.repositories.globalconfigs.FeatureFlagsRepository.getFeatureFlagEntityByFlagName(String)" is null
	at com.pds.smartUs.BackEnd.appback.services.globalconfigs.FeatureFlagService.getFlagStatusByName(FeatureFlagService.java:21)
	at com.pds.smartUs.BackEnd.appback.simulator.workers.SmartGrid.run(SmartGrid.java:121)
	at java.base/java.util.concurrent.ThreadPoolExecutor.runWorker(ThreadPoolExecutor.java:1130)
	at java.base/java.util.concurrent.ThreadPoolExecutor$Worker.run(ThreadPoolExecutor.java:630)
	at java.base/java.lang.Thread.run(Thread.java:831)
Exception in thread "[SmartGrid-Thread] Capacities Generator Thread" java.lang.NullPointerException: Cannot invoke "com.pds.smartUs.BackEnd.appback.entities.globalconfigs.GlobalParam.getParamValue()" because the return value of "com.pds.smartUs.BackEnd.appback.repositories.globalconfigs.GlobalParamsRepository.getGlobalParamByParamName(String)" is null
	at com.pds.smartUs.BackEnd.appback.services.globalconfigs.GlobalParamsService.getParamValue(GlobalParamsService.java:22)
	at com.pds.smartUs.BackEnd.appback.simulator.workers.SimulatorRequester.makeRequest(SimulatorRequester.java:38)
	at com.pds.smartUs.BackEnd.appback.simulator.workers.SimulatorRequester.getSimulatorResponse(SimulatorRequester.java:32)
	at com.pds.smartUs.BackEnd.appback.simulator.workers.RealTimeCapacityGenerator.run(RealTimeCapacityGenerator.java:43)
	at java.base/java.lang.Thread.run(Thread.java:831)
]]></system-err>
  </testcase>
  <testcase name="getProducteursBybeposShouldReturnAllProducteurByBeposIdWillThrowWhenBeposIdNotfound" classname="com.pds.smartUs.BackEnd.appback.services.habitation.ProductionServiceTest" time="0">
    <skipped message="void com.pds.smartUs.BackEnd.appback.services.habitation.ProductionServiceTest.getProducteursBybeposShouldReturnAllProducteurByBeposIdWillThrowWhenBeposIdNotfound() throws java.lang.Exception is @Disabled"/>
  </testcase>
  <testcase name="getProductionsOfProducersBydate" classname="com.pds.smartUs.BackEnd.appback.services.habitation.ProductionServiceTest" time="0">
    <skipped message="void com.pds.smartUs.BackEnd.appback.services.habitation.ProductionServiceTest.getProductionsOfProducersBydate() is @Disabled"/>
  </testcase>
  <testcase name="getProducteursBybeposShouldReturnAllProducteurByBeposId" classname="com.pds.smartUs.BackEnd.appback.services.habitation.ProductionServiceTest" time="0">
    <skipped message="void com.pds.smartUs.BackEnd.appback.services.habitation.ProductionServiceTest.getProducteursBybeposShouldReturnAllProducteurByBeposId() is @Disabled"/>
  </testcase>
</testsuite>